2024-07-19 17:13:01,210 [main] WARN  org.eclipse.jgit.util.FS_Win32 - Exception caught during execution of command '[bash, --login, -c, which git]' in 'C:\Users\PC-04', return code '1', error message '<3>WSL (10) ERROR: CreateProcessEntryCommon:505: execvpe /bin/bash failed 2
<3>WSL (10) ERROR: CreateProcessEntryCommon:508: Create process not expected to return
'
2024-07-19 17:13:04,556 [Worker-4: Loading available Gradle versions] INFO  o.e.b.c.i.u.g.PublishedGradleVersions - Gradle version information cache is up-to-date. Trying to read.
2024-07-19 18:18:53,028 [main] WARN  org.eclipse.jgit.util.FS_Win32 - Exception caught during execution of command '[bash, --login, -c, which git]' in 'C:\Users\PC-04', return code '1', error message '<3>WSL (10) ERROR: CreateProcessEntryCommon:505: execvpe /bin/bash failed 2
<3>WSL (10) ERROR: CreateProcessEntryCommon:508: Create process not expected to return
'
2024-07-19 18:18:58,419 [Worker-1: Loading available Gradle versions] INFO  o.e.b.c.i.u.g.PublishedGradleVersions - Gradle version information cache is up-to-date. Trying to read.
2024-07-22 13:52:51,289 [main] WARN  org.eclipse.jgit.util.FS_Win32 - Exception caught during execution of command '[bash, --login, -c, which git]' in 'C:\Users\PC-04', return code '1', error message '<3>WSL (10) ERROR: CreateProcessEntryCommon:505: execvpe /bin/bash failed 2
<3>WSL (10) ERROR: CreateProcessEntryCommon:508: Create process not expected to return
'
2024-07-22 13:52:55,313 [Worker-1: Loading available Gradle versions] INFO  o.e.b.c.i.u.g.PublishedGradleVersions - Gradle version information cache is up-to-date. Trying to read.
2024-07-22 17:43:18,874 [main] WARN  org.eclipse.jgit.util.FS_Win32 - Exception caught during execution of command '[bash, --login, -c, which git]' in 'C:\Users\PC-04', return code '1', error message '<3>WSL (10) ERROR: CreateProcessEntryCommon:505: execvpe /bin/bash failed 2
<3>WSL (10) ERROR: CreateProcessEntryCommon:508: Create process not expected to return
'
2024-07-22 17:43:22,317 [Worker-1: Loading available Gradle versions] INFO  o.e.b.c.i.u.g.PublishedGradleVersions - Gradle version information cache is up-to-date. Trying to read.
2024-07-23 13:52:01,227 [main] WARN  org.eclipse.jgit.util.FS_Win32 - Exception caught during execution of command '[bash, --login, -c, which git]' in 'C:\Users\PC-04', return code '1', error message '<3>WSL (10) ERROR: CreateProcessEntryCommon:505: execvpe /bin/bash failed 2
<3>WSL (10) ERROR: CreateProcessEntryCommon:508: Create process not expected to return
'
2024-07-23 13:52:05,565 [Worker-4: Loading available Gradle versions] INFO  o.e.b.c.i.u.g.PublishedGradleVersions - Gradle version information cache is out-of-date. Trying to update.
2024-07-23 18:13:33,995 [main] WARN  org.eclipse.jgit.util.FS_Win32 - Exception caught during execution of command '[bash, --login, -c, which git]' in 'C:\Users\PC-04', return code '1', error message '<3>WSL (10) ERROR: CreateProcessEntryCommon:505: execvpe /bin/bash failed 2
<3>WSL (10) ERROR: CreateProcessEntryCommon:508: Create process not expected to return
'
2024-07-23 18:13:52,011 [Worker-36: Loading available Gradle versions] INFO  o.e.b.c.i.u.g.PublishedGradleVersions - Gradle version information cache is up-to-date. Trying to read.
2024-07-23 19:04:25,421 [main] WARN  org.eclipse.jgit.util.FS_Win32 - Exception caught during execution of command '[bash, --login, -c, which git]' in 'C:\Users\PC-04', return code '1', error message '<3>WSL (10) ERROR: CreateProcessEntryCommon:505: execvpe /bin/bash failed 2
<3>WSL (10) ERROR: CreateProcessEntryCommon:508: Create process not expected to return
'
2024-07-23 19:04:30,593 [Worker-5: Loading available Gradle versions] INFO  o.e.b.c.i.u.g.PublishedGradleVersions - Gradle version information cache is up-to-date. Trying to read.
2024-07-24 13:53:22,222 [main] WARN  org.eclipse.jgit.util.FS_Win32 - Exception caught during execution of command '[bash, --login, -c, which git]' in 'C:\Users\PC-04', return code '1', error message '<3>WSL (10) ERROR: CreateProcessEntryCommon:505: execvpe /bin/bash failed 2
<3>WSL (10) ERROR: CreateProcessEntryCommon:508: Create process not expected to return
'
2024-07-24 13:53:27,355 [Worker-4: Loading available Gradle versions] INFO  o.e.b.c.i.u.g.PublishedGradleVersions - Gradle version information cache is out-of-date. Trying to update.
2024-07-24 17:30:33,866 [main] WARN  org.eclipse.jgit.util.FS_Win32 - Exception caught during execution of command '[bash, --login, -c, which git]' in 'C:\Users\PC-04', return code '1', error message '<3>WSL (10) ERROR: CreateProcessEntryCommon:505: execvpe /bin/bash failed 2
<3>WSL (10) ERROR: CreateProcessEntryCommon:508: Create process not expected to return
'
2024-07-24 17:30:38,608 [Worker-2: Loading available Gradle versions] INFO  o.e.b.c.i.u.g.PublishedGradleVersions - Gradle version information cache is up-to-date. Trying to read.
2024-07-25 08:45:58,264 [main] WARN  org.eclipse.jgit.util.FS_Win32 - Exception caught during execution of command '[bash, --login, -c, which git]' in 'C:\Users\PC-04', return code '1', error message '<3>WSL (10) ERROR: CreateProcessEntryCommon:505: execvpe /bin/bash failed 2
<3>WSL (10) ERROR: CreateProcessEntryCommon:508: Create process not expected to return
'
2024-07-25 08:46:05,103 [Worker-6: Loading available Gradle versions] INFO  o.e.b.c.i.u.g.PublishedGradleVersions - Gradle version information cache is up-to-date. Trying to read.
2024-07-25 08:52:13,560 [main] WARN  org.eclipse.jgit.util.FS_Win32 - Exception caught during execution of command '[bash, --login, -c, which git]' in 'C:\Users\PC-04', return code '1', error message '<3>WSL (10) ERROR: CreateProcessEntryCommon:505: execvpe /bin/bash failed 2
<3>WSL (10) ERROR: CreateProcessEntryCommon:508: Create process not expected to return
'
2024-07-25 08:52:19,147 [Worker-0: Loading available Gradle versions] INFO  o.e.b.c.i.u.g.PublishedGradleVersions - Gradle version information cache is up-to-date. Trying to read.
2024-07-25 13:52:01,720 [main] WARN  org.eclipse.jgit.util.FS_Win32 - Exception caught during execution of command '[bash, --login, -c, which git]' in 'C:\Users\PC-04', return code '1', error message '<3>WSL (10) ERROR: CreateProcessEntryCommon:505: execvpe /bin/bash failed 2
<3>WSL (10) ERROR: CreateProcessEntryCommon:508: Create process not expected to return
'
2024-07-25 13:52:05,071 [Worker-6: Loading available Gradle versions] INFO  o.e.b.c.i.u.g.PublishedGradleVersions - Gradle version information cache is up-to-date. Trying to read.
2024-07-25 18:18:19,975 [main] WARN  org.eclipse.jgit.util.FS_Win32 - Exception caught during execution of command '[bash, --login, -c, which git]' in 'C:\Users\PC-04', return code '1', error message '<3>WSL (10) ERROR: CreateProcessEntryCommon:505: execvpe /bin/bash failed 2
<3>WSL (10) ERROR: CreateProcessEntryCommon:508: Create process not expected to return
'
2024-07-25 18:18:23,311 [Worker-3: Loading available Gradle versions] INFO  o.e.b.c.i.u.g.PublishedGradleVersions - Gradle version information cache is out-of-date. Trying to update.
2024-07-25 20:12:58,750 [main] WARN  org.eclipse.jgit.util.FS_Win32 - Exception caught during execution of command '[bash, --login, -c, which git]' in 'C:\Users\PC-04', return code '1', error message '<3>WSL (10) ERROR: CreateProcessEntryCommon:505: execvpe /bin/bash failed 2
<3>WSL (10) ERROR: CreateProcessEntryCommon:508: Create process not expected to return
'
2024-07-25 20:13:02,588 [Worker-5: Loading available Gradle versions] INFO  o.e.b.c.i.u.g.PublishedGradleVersions - Gradle version information cache is up-to-date. Trying to read.
2024-07-26 09:07:25,588 [main] WARN  org.eclipse.jgit.util.FS_Win32 - Exception caught during execution of command '[bash, --login, -c, which git]' in 'C:\Users\PC-04', return code '1', error message '<3>WSL (10) ERROR: CreateProcessEntryCommon:505: execvpe /bin/bash failed 2
<3>WSL (10) ERROR: CreateProcessEntryCommon:508: Create process not expected to return
'
2024-07-26 09:07:31,469 [Worker-5: Loading available Gradle versions] INFO  o.e.b.c.i.u.g.PublishedGradleVersions - Gradle version information cache is up-to-date. Trying to read.
2024-07-26 13:51:47,172 [main] WARN  org.eclipse.jgit.util.FS_Win32 - Exception caught during execution of command '[bash, --login, -c, which git]' in 'C:\Users\PC-04', return code '1', error message '<3>WSL (13) ERROR: CreateProcessEntryCommon:505: execvpe /bin/bash failed 2
<3>WSL (13) ERROR: CreateProcessEntryCommon:508: Create process not expected to return
'
2024-07-26 13:51:50,081 [Worker-3: Loading available Gradle versions] INFO  o.e.b.c.i.u.g.PublishedGradleVersions - Gradle version information cache is up-to-date. Trying to read.
2024-07-26 18:29:37,128 [main] WARN  org.eclipse.jgit.util.FS_Win32 - Exception caught during execution of command '[bash, --login, -c, which git]' in 'C:\Users\PC-04', return code '1', error message '<3>WSL (10) ERROR: CreateProcessEntryCommon:505: execvpe /bin/bash failed 2
<3>WSL (10) ERROR: CreateProcessEntryCommon:508: Create process not expected to return
'
2024-07-26 18:29:42,393 [Worker-4: Loading available Gradle versions] INFO  o.e.b.c.i.u.g.PublishedGradleVersions - Gradle version information cache is out-of-date. Trying to update.
2024-07-26 19:59:40,696 [main] WARN  org.eclipse.jgit.util.FS_Win32 - Exception caught during execution of command '[bash, --login, -c, which git]' in 'C:\Users\PC-04', return code '1', error message '<3>WSL (10) ERROR: CreateProcessEntryCommon:505: execvpe /bin/bash failed 2
<3>WSL (10) ERROR: CreateProcessEntryCommon:508: Create process not expected to return
'
2024-07-26 19:59:43,925 [Worker-4: Loading available Gradle versions] INFO  o.e.b.c.i.u.g.PublishedGradleVersions - Gradle version information cache is up-to-date. Trying to read.
2024-07-30 09:10:46,754 [main] WARN  org.eclipse.jgit.util.FS_Win32 - Exception caught during execution of command '[bash, --login, -c, which git]' in 'C:\Users\PC-04', return code '1', error message '<3>WSL (10) ERROR: CreateProcessEntryCommon:505: execvpe /bin/bash failed 2
<3>WSL (10) ERROR: CreateProcessEntryCommon:508: Create process not expected to return
'
2024-07-30 09:10:52,782 [Worker-0: Loading available Gradle versions] INFO  o.e.b.c.i.u.g.PublishedGradleVersions - Gradle version information cache is out-of-date. Trying to update.
2024-07-30 13:54:21,889 [main] WARN  org.eclipse.jgit.util.FS_Win32 - Exception caught during execution of command '[bash, --login, -c, which git]' in 'C:\Users\PC-04', return code '1', error message '<3>WSL (10) ERROR: CreateProcessEntryCommon:505: execvpe /bin/bash failed 2
<3>WSL (10) ERROR: CreateProcessEntryCommon:508: Create process not expected to return
'
2024-07-30 13:54:26,899 [Worker-1: Loading available Gradle versions] INFO  o.e.b.c.i.u.g.PublishedGradleVersions - Gradle version information cache is up-to-date. Trying to read.
2024-07-30 17:38:26,505 [main] WARN  org.eclipse.jgit.util.FS_Win32 - Exception caught during execution of command '[bash, --login, -c, which git]' in 'C:\Users\PC-04', return code '1', error message '<3>WSL (10) ERROR: CreateProcessEntryCommon:505: execvpe /bin/bash failed 2
<3>WSL (10) ERROR: CreateProcessEntryCommon:508: Create process not expected to return
'
2024-07-30 17:38:29,988 [Worker-2: Loading available Gradle versions] INFO  o.e.b.c.i.u.g.PublishedGradleVersions - Gradle version information cache is up-to-date. Trying to read.
2024-07-30 19:01:22,385 [main] WARN  org.eclipse.jgit.util.FS_Win32 - Exception caught during execution of command '[bash, --login, -c, which git]' in 'C:\Users\PC-04', return code '1', error message '<3>WSL (10) ERROR: CreateProcessEntryCommon:505: execvpe /bin/bash failed 2
<3>WSL (10) ERROR: CreateProcessEntryCommon:508: Create process not expected to return
'
2024-07-30 19:01:26,241 [Worker-0: Loading available Gradle versions] INFO  o.e.b.c.i.u.g.PublishedGradleVersions - Gradle version information cache is up-to-date. Trying to read.
2024-07-31 08:53:19,612 [main] WARN  org.eclipse.jgit.util.FS_Win32 - Exception caught during execution of command '[bash, --login, -c, which git]' in 'C:\Users\PC-04', return code '1', error message '<3>WSL (10) ERROR: CreateProcessEntryCommon:505: execvpe /bin/bash failed 2
<3>WSL (10) ERROR: CreateProcessEntryCommon:508: Create process not expected to return
'
2024-07-31 08:53:26,161 [Worker-4: Loading available Gradle versions] INFO  o.e.b.c.i.u.g.PublishedGradleVersions - Gradle version information cache is up-to-date. Trying to read.
2024-07-31 08:54:09,508 [main] WARN  org.eclipse.jgit.util.FS_Win32 - Exception caught during execution of command '[bash, --login, -c, which git]' in 'C:\Users\PC-04', return code '1', error message '<3>WSL (10) ERROR: CreateProcessEntryCommon:505: execvpe /bin/bash failed 2
<3>WSL (10) ERROR: CreateProcessEntryCommon:508: Create process not expected to return
'
2024-07-31 08:54:13,419 [Worker-3: Loading available Gradle versions] INFO  o.e.b.c.i.u.g.PublishedGradleVersions - Gradle version information cache is up-to-date. Trying to read.
2024-07-31 14:07:33,656 [main] WARN  org.eclipse.jgit.util.FS_Win32 - Exception caught during execution of command '[bash, --login, -c, which git]' in 'C:\Users\PC-04', return code '1', error message '<3>WSL (13) ERROR: CreateProcessEntryCommon:505: execvpe /bin/bash failed 2
<3>WSL (13) ERROR: CreateProcessEntryCommon:508: Create process not expected to return
'
2024-07-31 14:07:36,909 [Worker-3: Loading available Gradle versions] INFO  o.e.b.c.i.u.g.PublishedGradleVersions - Gradle version information cache is up-to-date. Trying to read.
2024-07-31 14:53:29,745 [main] WARN  org.eclipse.jgit.util.FS_Win32 - Exception caught during execution of command '[bash, --login, -c, which git]' in 'C:\Users\PC-04', return code '1', error message '<3>WSL (10) ERROR: CreateProcessEntryCommon:505: execvpe /bin/bash failed 2
<3>WSL (10) ERROR: CreateProcessEntryCommon:508: Create process not expected to return
'
2024-07-31 14:53:32,041 [Worker-3: Loading available Gradle versions] INFO  o.e.b.c.i.u.g.PublishedGradleVersions - Gradle version information cache is up-to-date. Trying to read.
2024-08-01 09:30:56,177 [main] WARN  org.eclipse.jgit.util.FS_Win32 - Exception caught during execution of command '[bash, --login, -c, which git]' in 'C:\Users\PC-04', return code '1', error message '<3>WSL (10) ERROR: CreateProcessEntryCommon:505: execvpe /bin/bash failed 2
<3>WSL (10) ERROR: CreateProcessEntryCommon:508: Create process not expected to return
'
2024-08-01 09:31:02,522 [Worker-5: Loading available Gradle versions] INFO  o.e.b.c.i.u.g.PublishedGradleVersions - Gradle version information cache is up-to-date. Trying to read.
2024-08-01 13:53:23,792 [main] WARN  org.eclipse.jgit.util.FS_Win32 - Exception caught during execution of command '[bash, --login, -c, which git]' in 'C:\Users\PC-04', return code '1', error message '<3>WSL (10) ERROR: CreateProcessEntryCommon:505: execvpe /bin/bash failed 2
<3>WSL (10) ERROR: CreateProcessEntryCommon:508: Create process not expected to return
'
2024-08-01 13:53:29,091 [Worker-5: Loading available Gradle versions] INFO  o.e.b.c.i.u.g.PublishedGradleVersions - Gradle version information cache is up-to-date. Trying to read.
2024-08-01 17:21:11,156 [main] WARN  org.eclipse.jgit.util.FS_Win32 - Exception caught during execution of command '[bash, --login, -c, which git]' in 'C:\Users\PC-04', return code '1', error message '<3>WSL (10) ERROR: CreateProcessEntryCommon:505: execvpe /bin/bash failed 2
<3>WSL (10) ERROR: CreateProcessEntryCommon:508: Create process not expected to return
'
2024-08-01 17:21:14,579 [Worker-5: Loading available Gradle versions] INFO  o.e.b.c.i.u.g.PublishedGradleVersions - Gradle version information cache is up-to-date. Trying to read.
2024-08-02 09:01:58,576 [main] WARN  org.eclipse.jgit.util.FS_Win32 - Exception caught during execution of command '[bash, --login, -c, which git]' in 'C:\Users\PC-04', return code '1', error message '<3>WSL (10) ERROR: CreateProcessEntryCommon:505: execvpe /bin/bash failed 2
<3>WSL (10) ERROR: CreateProcessEntryCommon:508: Create process not expected to return
'
2024-08-02 09:02:04,793 [Worker-3: Loading available Gradle versions] INFO  o.e.b.c.i.u.g.PublishedGradleVersions - Gradle version information cache is up-to-date. Trying to read.
2024-08-02 13:55:54,777 [main] WARN  org.eclipse.jgit.util.FS_Win32 - Exception caught during execution of command '[bash, --login, -c, which git]' in 'C:\Users\PC-04', return code '1', error message '<3>WSL (10) ERROR: CreateProcessEntryCommon:505: execvpe /bin/bash failed 2
<3>WSL (10) ERROR: CreateProcessEntryCommon:508: Create process not expected to return
'
2024-08-02 13:55:58,209 [Worker-4: Loading available Gradle versions] INFO  o.e.b.c.i.u.g.PublishedGradleVersions - Gradle version information cache is up-to-date. Trying to read.
2024-08-05 13:54:39,885 [main] WARN  org.eclipse.jgit.util.FS_Win32 - Exception caught during execution of command '[bash, --login, -c, which git]' in 'C:\Users\PC-04', return code '1', error message '<3>WSL (10) ERROR: CreateProcessEntryCommon:505: execvpe /bin/bash failed 2
<3>WSL (10) ERROR: CreateProcessEntryCommon:508: Create process not expected to return
'
2024-08-05 13:54:44,702 [Worker-5: Loading available Gradle versions] INFO  o.e.b.c.i.u.g.PublishedGradleVersions - Gradle version information cache is up-to-date. Trying to read.
2024-08-06 09:01:47,423 [main] WARN  org.eclipse.jgit.util.FS_Win32 - Exception caught during execution of command '[bash, --login, -c, which git]' in 'C:\Users\PC-04', return code '1', error message '<3>WSL (10) ERROR: CreateProcessEntryCommon:505: execvpe /bin/bash failed 2
<3>WSL (10) ERROR: CreateProcessEntryCommon:508: Create process not expected to return
'
2024-08-06 09:01:53,116 [Worker-4: Loading available Gradle versions] INFO  o.e.b.c.i.u.g.PublishedGradleVersions - Gradle version information cache is out-of-date. Trying to update.
2024-08-06 16:36:06,855 [main] WARN  org.eclipse.jgit.util.FS_Win32 - Exception caught during execution of command '[bash, --login, -c, which git]' in 'C:\Users\PC-04', return code '1', error message '<3>WSL (10) ERROR: CreateProcessEntryCommon:505: execvpe /bin/bash failed 2
<3>WSL (10) ERROR: CreateProcessEntryCommon:508: Create process not expected to return
'
2024-08-06 16:36:10,646 [Worker-3: Loading available Gradle versions] INFO  o.e.b.c.i.u.g.PublishedGradleVersions - Gradle version information cache is up-to-date. Trying to read.
2024-08-07 09:03:08,984 [main] WARN  org.eclipse.jgit.util.FS_Win32 - Exception caught during execution of command '[bash, --login, -c, which git]' in 'C:\Users\PC-04', return code '1', error message '<3>WSL (10) ERROR: CreateProcessEntryCommon:505: execvpe /bin/bash failed 2
<3>WSL (10) ERROR: CreateProcessEntryCommon:508: Create process not expected to return
'
2024-08-07 09:03:13,195 [Worker-2: Loading available Gradle versions] INFO  o.e.b.c.i.u.g.PublishedGradleVersions - Gradle version information cache is out-of-date. Trying to update.
2024-08-08 15:16:39,366 [main] WARN  org.eclipse.jgit.util.FS_Win32 - Exception caught during execution of command '[bash, --login, -c, which git]' in 'C:\Users\PC-04', return code '1', error message '<3>WSL (10) ERROR: CreateProcessEntryCommon:505: execvpe /bin/bash failed 2
<3>WSL (10) ERROR: CreateProcessEntryCommon:508: Create process not expected to return
'
2024-08-08 15:16:43,554 [Worker-5: Loading available Gradle versions] INFO  o.e.b.c.i.u.g.PublishedGradleVersions - Gradle version information cache is up-to-date. Trying to read.
2024-08-08 16:06:19,913 [main] WARN  org.eclipse.jgit.util.FS_Win32 - Exception caught during execution of command '[bash, --login, -c, which git]' in 'C:\Users\PC-04', return code '1', error message '<3>WSL (10) ERROR: CreateProcessEntryCommon:505: execvpe /bin/bash failed 2
<3>WSL (10) ERROR: CreateProcessEntryCommon:508: Create process not expected to return
'
2024-08-08 16:06:23,139 [Worker-5: Loading available Gradle versions] INFO  o.e.b.c.i.u.g.PublishedGradleVersions - Gradle version information cache is up-to-date. Trying to read.
2024-08-08 16:06:45,025 [main] WARN  org.eclipse.jgit.util.FS_Win32 - Exception caught during execution of command '[bash, --login, -c, which git]' in 'C:\Users\PC-04', return code '1', error message '<3>WSL (10) ERROR: CreateProcessEntryCommon:505: execvpe /bin/bash failed 2
<3>WSL (10) ERROR: CreateProcessEntryCommon:508: Create process not expected to return
'
2024-08-08 16:06:48,154 [Worker-5: Loading available Gradle versions] INFO  o.e.b.c.i.u.g.PublishedGradleVersions - Gradle version information cache is up-to-date. Trying to read.
2024-08-08 19:13:16,752 [main] WARN  org.eclipse.jgit.util.FS_Win32 - Exception caught during execution of command '[bash, --login, -c, which git]' in 'C:\Users\PC-04', return code '1', error message '<3>WSL (10) ERROR: CreateProcessEntryCommon:505: execvpe /bin/bash failed 2
<3>WSL (10) ERROR: CreateProcessEntryCommon:508: Create process not expected to return
'
2024-08-08 19:13:20,078 [Worker-3: Loading available Gradle versions] INFO  o.e.b.c.i.u.g.PublishedGradleVersions - Gradle version information cache is up-to-date. Trying to read.
2024-08-09 13:51:31,549 [main] WARN  org.eclipse.jgit.util.FS_Win32 - Exception caught during execution of command '[bash, --login, -c, which git]' in 'C:\Users\PC-04', return code '1', error message '<3>WSL (13) ERROR: CreateProcessEntryCommon:505: execvpe /bin/bash failed 2
<3>WSL (13) ERROR: CreateProcessEntryCommon:508: Create process not expected to return
'
2024-08-09 13:51:35,137 [Worker-4: Loading available Gradle versions] INFO  o.e.b.c.i.u.g.PublishedGradleVersions - Gradle version information cache is up-to-date. Trying to read.
2024-08-10 17:35:53,130 [main] WARN  org.eclipse.jgit.util.FS_Win32 - Exception caught during execution of command '[bash, --login, -c, which git]' in 'C:\Users\PC-04', return code '1', error message '<3>WSL (13) ERROR: CreateProcessEntryCommon:505: execvpe /bin/bash failed 2
<3>WSL (13) ERROR: CreateProcessEntryCommon:508: Create process not expected to return
'
2024-08-10 17:35:57,022 [Worker-0: Loading available Gradle versions] INFO  o.e.b.c.i.u.g.PublishedGradleVersions - Gradle version information cache is up-to-date. Trying to read.
2024-08-12 09:07:01,640 [main] WARN  org.eclipse.jgit.util.FS_Win32 - Exception caught during execution of command '[bash, --login, -c, which git]' in 'C:\Users\PC-04', return code '1', error message '<3>WSL (10) ERROR: CreateProcessEntryCommon:505: execvpe /bin/bash failed 2
<3>WSL (10) ERROR: CreateProcessEntryCommon:508: Create process not expected to return
'
2024-08-12 09:07:07,702 [Worker-5: Loading available Gradle versions] INFO  o.e.b.c.i.u.g.PublishedGradleVersions - Gradle version information cache is out-of-date. Trying to update.
2024-08-12 15:48:36,853 [main] WARN  org.eclipse.jgit.util.FS_Win32 - Exception caught during execution of command '[bash, --login, -c, which git]' in 'C:\Users\PC-04', return code '1', error message '<3>WSL (13) ERROR: CreateProcessEntryCommon:505: execvpe /bin/bash failed 2
<3>WSL (13) ERROR: CreateProcessEntryCommon:508: Create process not expected to return
'
2024-08-12 15:48:40,204 [Worker-4: Loading available Gradle versions] INFO  o.e.b.c.i.u.g.PublishedGradleVersions - Gradle version information cache is up-to-date. Trying to read.
2024-08-12 19:31:57,180 [main] WARN  org.eclipse.jgit.util.FS_Win32 - Exception caught during execution of command '[bash, --login, -c, which git]' in 'C:\Users\PC-04', return code '1', error message '<3>WSL (13) ERROR: CreateProcessEntryCommon:505: execvpe /bin/bash failed 2
<3>WSL (13) ERROR: CreateProcessEntryCommon:508: Create process not expected to return
'
2024-08-12 19:32:00,280 [Worker-4: Loading available Gradle versions] INFO  o.e.b.c.i.u.g.PublishedGradleVersions - Gradle version information cache is up-to-date. Trying to read.
2024-08-12 21:05:04,424 [main] WARN  org.eclipse.jgit.util.FS_Win32 - Exception caught during execution of command '[bash, --login, -c, which git]' in 'C:\Users\PC-04', return code '1', error message '<3>WSL (10) ERROR: CreateProcessEntryCommon:505: execvpe /bin/bash failed 2
<3>WSL (10) ERROR: CreateProcessEntryCommon:508: Create process not expected to return
'
2024-08-12 21:05:09,780 [Worker-5: Loading available Gradle versions] INFO  o.e.b.c.i.u.g.PublishedGradleVersions - Gradle version information cache is up-to-date. Trying to read.
2024-08-13 09:02:33,410 [main] WARN  org.eclipse.jgit.util.FS_Win32 - Exception caught during execution of command '[bash, --login, -c, which git]' in 'C:\Users\PC-04', return code '1', error message '<3>WSL (10) ERROR: CreateProcessEntryCommon:505: execvpe /bin/bash failed 2
<3>WSL (10) ERROR: CreateProcessEntryCommon:508: Create process not expected to return
'
2024-08-13 09:02:39,468 [Worker-4: Loading available Gradle versions] INFO  o.e.b.c.i.u.g.PublishedGradleVersions - Gradle version information cache is up-to-date. Trying to read.
2024-08-13 13:50:25,014 [main] WARN  org.eclipse.jgit.util.FS_Win32 - Exception caught during execution of command '[bash, --login, -c, which git]' in 'C:\Users\PC-04', return code '1', error message '<3>WSL (10) ERROR: CreateProcessEntryCommon:505: execvpe /bin/bash failed 2
<3>WSL (10) ERROR: CreateProcessEntryCommon:508: Create process not expected to return
'
2024-08-13 13:50:28,306 [Worker-5: Loading available Gradle versions] INFO  o.e.b.c.i.u.g.PublishedGradleVersions - Gradle version information cache is out-of-date. Trying to update.
2024-08-19 08:54:16,896 [main] WARN  org.eclipse.jgit.util.FS_Win32 - Exception caught during execution of command '[bash, --login, -c, which git]' in 'C:\Users\PC-04', return code '1', error message '<3>WSL (10) ERROR: CreateProcessEntryCommon:505: execvpe /bin/bash failed 2
<3>WSL (10) ERROR: CreateProcessEntryCommon:508: Create process not expected to return
'
2024-08-19 08:54:23,148 [Worker-5: Loading available Gradle versions] INFO  o.e.b.c.i.u.g.PublishedGradleVersions - Gradle version information cache is out-of-date. Trying to update.
2024-08-19 09:01:05,992 [main] WARN  org.eclipse.jgit.util.FS_Win32 - Exception caught during execution of command '[bash, --login, -c, which git]' in 'C:\Users\PC-04', return code '1', error message '<3>WSL (10) ERROR: CreateProcessEntryCommon:505: execvpe /bin/bash failed 2
<3>WSL (10) ERROR: CreateProcessEntryCommon:508: Create process not expected to return
'
2024-08-19 09:01:11,330 [Worker-2: Loading available Gradle versions] INFO  o.e.b.c.i.u.g.PublishedGradleVersions - Gradle version information cache is up-to-date. Trying to read.
2024-08-19 13:56:12,165 [main] WARN  org.eclipse.jgit.util.FS_Win32 - Exception caught during execution of command '[bash, --login, -c, which git]' in 'C:\Users\PC-04', return code '1', error message '<3>WSL (10) ERROR: CreateProcessEntryCommon:505: execvpe /bin/bash failed 2
<3>WSL (10) ERROR: CreateProcessEntryCommon:508: Create process not expected to return
'
2024-08-19 13:56:14,431 [Worker-4: Loading available Gradle versions] INFO  o.e.b.c.i.u.g.PublishedGradleVersions - Gradle version information cache is up-to-date. Trying to read.
2024-08-19 18:59:24,537 [main] WARN  org.eclipse.jgit.util.FS_Win32 - Exception caught during execution of command '[bash, --login, -c, which git]' in 'C:\Users\PC-04', return code '1', error message '<3>WSL (10) ERROR: CreateProcessEntryCommon:505: execvpe /bin/bash failed 2
<3>WSL (10) ERROR: CreateProcessEntryCommon:508: Create process not expected to return
'
2024-08-19 18:59:28,497 [Worker-2: Loading available Gradle versions] INFO  o.e.b.c.i.u.g.PublishedGradleVersions - Gradle version information cache is up-to-date. Trying to read.
2024-08-20 09:36:22,694 [main] WARN  org.eclipse.jgit.util.FS_Win32 - Exception caught during execution of command '[bash, --login, -c, which git]' in 'C:\Users\PC-04', return code '1', error message '<3>WSL (10) ERROR: CreateProcessEntryCommon:505: execvpe /bin/bash failed 2
<3>WSL (10) ERROR: CreateProcessEntryCommon:508: Create process not expected to return
'
2024-08-20 09:36:26,843 [Worker-6: Loading available Gradle versions] INFO  o.e.b.c.i.u.g.PublishedGradleVersions - Gradle version information cache is out-of-date. Trying to update.
2024-08-20 12:03:50,015 [main] WARN  org.eclipse.jgit.util.FS_Win32 - Exception caught during execution of command '[bash, --login, -c, which git]' in 'C:\Users\PC-04', return code '1', error message '<3>WSL (10) ERROR: CreateProcessEntryCommon:505: execvpe /bin/bash failed 2
<3>WSL (10) ERROR: CreateProcessEntryCommon:508: Create process not expected to return
'
2024-08-20 12:03:56,283 [Worker-3: Loading available Gradle versions] INFO  o.e.b.c.i.u.g.PublishedGradleVersions - Gradle version information cache is up-to-date. Trying to read.
2024-08-20 13:55:44,821 [main] WARN  org.eclipse.jgit.util.FS_Win32 - Exception caught during execution of command '[bash, --login, -c, which git]' in 'C:\Users\PC-04', return code '1', error message '<3>WSL (10) ERROR: CreateProcessEntryCommon:505: execvpe /bin/bash failed 2
<3>WSL (10) ERROR: CreateProcessEntryCommon:508: Create process not expected to return
'
2024-08-20 13:55:49,377 [Worker-4: Loading available Gradle versions] INFO  o.e.b.c.i.u.g.PublishedGradleVersions - Gradle version information cache is up-to-date. Trying to read.
2024-08-21 08:47:59,434 [main] WARN  org.eclipse.jgit.util.FS_Win32 - Exception caught during execution of command '[bash, --login, -c, which git]' in 'C:\Users\PC-04', return code '1', error message '<3>WSL (10) ERROR: CreateProcessEntryCommon:505: execvpe /bin/bash failed 2
<3>WSL (10) ERROR: CreateProcessEntryCommon:508: Create process not expected to return
'
2024-08-21 08:48:03,773 [Worker-2: Loading available Gradle versions] INFO  o.e.b.c.i.u.g.PublishedGradleVersions - Gradle version information cache is up-to-date. Trying to read.
2024-08-21 09:03:07,104 [main] WARN  org.eclipse.jgit.util.FS_Win32 - Exception caught during execution of command '[bash, --login, -c, which git]' in 'C:\Users\PC-04', return code '1', error message '<3>WSL (10) ERROR: CreateProcessEntryCommon:505: execvpe /bin/bash failed 2
<3>WSL (10) ERROR: CreateProcessEntryCommon:508: Create process not expected to return
'
2024-08-21 09:03:10,584 [Worker-5: Loading available Gradle versions] INFO  o.e.b.c.i.u.g.PublishedGradleVersions - Gradle version information cache is up-to-date. Trying to read.
2024-08-22 09:02:03,820 [Worker-5: Loading available Gradle versions] INFO  o.e.b.c.i.u.g.PublishedGradleVersions - Gradle version information cache is up-to-date. Trying to read.
2024-08-22 13:49:53,930 [Worker-5: Loading available Gradle versions] INFO  o.e.b.c.i.u.g.PublishedGradleVersions - Gradle version information cache is up-to-date. Trying to read.
2024-08-22 18:18:06,034 [Worker-3: Loading available Gradle versions] INFO  o.e.b.c.i.u.g.PublishedGradleVersions - Gradle version information cache is up-to-date. Trying to read.
2024-08-22 19:39:31,436 [Worker-4: Loading available Gradle versions] INFO  o.e.b.c.i.u.g.PublishedGradleVersions - Gradle version information cache is up-to-date. Trying to read.
2024-08-23 08:44:43,327 [Worker-4: Loading available Gradle versions] INFO  o.e.b.c.i.u.g.PublishedGradleVersions - Gradle version information cache is up-to-date. Trying to read.
2024-08-23 13:56:13,584 [Worker-2: Loading available Gradle versions] INFO  o.e.b.c.i.u.g.PublishedGradleVersions - Gradle version information cache is up-to-date. Trying to read.
2024-08-23 19:48:44,500 [Worker-5: Loading available Gradle versions] INFO  o.e.b.c.i.u.g.PublishedGradleVersions - Gradle version information cache is up-to-date. Trying to read.
2024-08-26 09:06:15,137 [Worker-1: Loading available Gradle versions] INFO  o.e.b.c.i.u.g.PublishedGradleVersions - Gradle version information cache is out-of-date. Trying to update.
2024-08-26 13:52:14,252 [Worker-4: Loading available Gradle versions] INFO  o.e.b.c.i.u.g.PublishedGradleVersions - Gradle version information cache is up-to-date. Trying to read.
2024-08-26 20:29:09,436 [Worker-4: Loading available Gradle versions] INFO  o.e.b.c.i.u.g.PublishedGradleVersions - Gradle version information cache is up-to-date. Trying to read.
2024-08-27 08:41:51,937 [Worker-5: Loading available Gradle versions] INFO  o.e.b.c.i.u.g.PublishedGradleVersions - Gradle version information cache is up-to-date. Trying to read.
2024-08-27 09:02:04,789 [Worker-0: Loading available Gradle versions] INFO  o.e.b.c.i.u.g.PublishedGradleVersions - Gradle version information cache is up-to-date. Trying to read.
2024-08-27 14:56:46,823 [Worker-3: Loading available Gradle versions] INFO  o.e.b.c.i.u.g.PublishedGradleVersions - Gradle version information cache is out-of-date. Trying to update.
2024-08-28 08:46:39,577 [Worker-5: Loading available Gradle versions] INFO  o.e.b.c.i.u.g.PublishedGradleVersions - Gradle version information cache is up-to-date. Trying to read.
2024-08-28 10:36:22,401 [Worker-4: Loading available Gradle versions] INFO  o.e.b.c.i.u.g.PublishedGradleVersions - Gradle version information cache is up-to-date. Trying to read.
2024-08-28 12:48:36,998 [Worker-5: Loading available Gradle versions] INFO  o.e.b.c.i.u.g.PublishedGradleVersions - Gradle version information cache is up-to-date. Trying to read.
2024-08-28 14:37:18,288 [Worker-0: Loading available Gradle versions] INFO  o.e.b.c.i.u.g.PublishedGradleVersions - Gradle version information cache is up-to-date. Trying to read.
2024-08-28 14:51:20,093 [Worker-5: Loading available Gradle versions] INFO  o.e.b.c.i.u.g.PublishedGradleVersions - Gradle version information cache is up-to-date. Trying to read.
2024-08-28 15:40:54,252 [Worker-0: Loading available Gradle versions] INFO  o.e.b.c.i.u.g.PublishedGradleVersions - Gradle version information cache is up-to-date. Trying to read.
2024-08-28 16:09:01,771 [Worker-5: Loading available Gradle versions] INFO  o.e.b.c.i.u.g.PublishedGradleVersions - Gradle version information cache is up-to-date. Trying to read.
2024-08-29 08:45:55,768 [Worker-5: Loading available Gradle versions] INFO  o.e.b.c.i.u.g.PublishedGradleVersions - Gradle version information cache is up-to-date. Trying to read.
2024-08-29 09:02:30,427 [Worker-6: Loading available Gradle versions] INFO  o.e.b.c.i.u.g.PublishedGradleVersions - Gradle version information cache is up-to-date. Trying to read.
2024-08-29 13:55:27,202 [Worker-2: Loading available Gradle versions] INFO  o.e.b.c.i.u.g.PublishedGradleVersions - Gradle version information cache is up-to-date. Trying to read.
2024-08-30 09:02:34,086 [Worker-5: Loading available Gradle versions] INFO  o.e.b.c.i.u.g.PublishedGradleVersions - Gradle version information cache is up-to-date. Trying to read.
2024-08-30 11:01:45,981 [Worker-3: Loading available Gradle versions] INFO  o.e.b.c.i.u.g.PublishedGradleVersions - Gradle version information cache is up-to-date. Trying to read.
2024-08-30 11:07:01,049 [Worker-5: Loading available Gradle versions] INFO  o.e.b.c.i.u.g.PublishedGradleVersions - Gradle version information cache is up-to-date. Trying to read.
2024-08-30 12:08:42,559 [Worker-2: Loading available Gradle versions] INFO  o.e.b.c.i.u.g.PublishedGradleVersions - Gradle version information cache is up-to-date. Trying to read.
2024-08-30 14:03:00,900 [Worker-5: Loading available Gradle versions] INFO  o.e.b.c.i.u.g.PublishedGradleVersions - Gradle version information cache is up-to-date. Trying to read.
2024-08-31 16:09:02,001 [Worker-5: Loading available Gradle versions] INFO  o.e.b.c.i.u.g.PublishedGradleVersions - Gradle version information cache is up-to-date. Trying to read.
2024-09-02 08:46:08,996 [Worker-5: Loading available Gradle versions] INFO  o.e.b.c.i.u.g.PublishedGradleVersions - Gradle version information cache is out-of-date. Trying to update.
2024-09-02 08:57:53,573 [Worker-4: Loading available Gradle versions] INFO  o.e.b.c.i.u.g.PublishedGradleVersions - Gradle version information cache is up-to-date. Trying to read.
2024-09-02 13:57:28,896 [Worker-4: Loading available Gradle versions] INFO  o.e.b.c.i.u.g.PublishedGradleVersions - Gradle version information cache is up-to-date. Trying to read.
2024-09-02 14:46:35,771 [Worker-3: Loading available Gradle versions] INFO  o.e.b.c.i.u.g.PublishedGradleVersions - Gradle version information cache is up-to-date. Trying to read.
2024-09-03 09:54:30,642 [Worker-4: Loading available Gradle versions] INFO  o.e.b.c.i.u.g.PublishedGradleVersions - Gradle version information cache is up-to-date. Trying to read.
2024-09-03 13:49:00,767 [Worker-4: Loading available Gradle versions] INFO  o.e.b.c.i.u.g.PublishedGradleVersions - Gradle version information cache is up-to-date. Trying to read.
2024-09-03 17:13:19,093 [Worker-5: Loading available Gradle versions] INFO  o.e.b.c.i.u.g.PublishedGradleVersions - Gradle version information cache is up-to-date. Trying to read.
2024-09-03 20:29:45,080 [Worker-5: Loading available Gradle versions] INFO  o.e.b.c.i.u.g.PublishedGradleVersions - Gradle version information cache is up-to-date. Trying to read.
2024-09-04 08:22:09,775 [Worker-4: Loading available Gradle versions] INFO  o.e.b.c.i.u.g.PublishedGradleVersions - Gradle version information cache is up-to-date. Trying to read.
2024-09-04 10:26:52,217 [Worker-5: Loading available Gradle versions] INFO  o.e.b.c.i.u.g.PublishedGradleVersions - Gradle version information cache is out-of-date. Trying to update.
2024-09-04 13:40:42,456 [Worker-5: Loading available Gradle versions] INFO  o.e.b.c.i.u.g.PublishedGradleVersions - Gradle version information cache is up-to-date. Trying to read.
2024-09-04 14:08:50,866 [Worker-2: Loading available Gradle versions] INFO  o.e.b.c.i.u.g.PublishedGradleVersions - Gradle version information cache is up-to-date. Trying to read.
2024-09-05 08:25:56,017 [Worker-4: Loading available Gradle versions] INFO  o.e.b.c.i.u.g.PublishedGradleVersions - Gradle version information cache is up-to-date. Trying to read.
2024-09-06 09:06:22,808 [Worker-4: Loading available Gradle versions] INFO  o.e.b.c.i.u.g.PublishedGradleVersions - Gradle version information cache is up-to-date. Trying to read.
2024-09-06 13:54:19,599 [Worker-3: Loading available Gradle versions] INFO  o.e.b.c.i.u.g.PublishedGradleVersions - Gradle version information cache is out-of-date. Trying to update.
2024-09-06 14:05:15,951 [Worker-3: Loading available Gradle versions] INFO  o.e.b.c.i.u.g.PublishedGradleVersions - Gradle version information cache is up-to-date. Trying to read.
2024-09-07 09:40:03,881 [Worker-5: Loading available Gradle versions] INFO  o.e.b.c.i.u.g.PublishedGradleVersions - Gradle version information cache is up-to-date. Trying to read.
2024-09-09 09:01:52,129 [Worker-2: Loading available Gradle versions] INFO  o.e.b.c.i.u.g.PublishedGradleVersions - Gradle version information cache is up-to-date. Trying to read.
2024-09-09 15:55:39,233 [Worker-4: Loading available Gradle versions] INFO  o.e.b.c.i.u.g.PublishedGradleVersions - Gradle version information cache is up-to-date. Trying to read.
2024-09-09 20:45:03,138 [Worker-5: Loading available Gradle versions] INFO  o.e.b.c.i.u.g.PublishedGradleVersions - Gradle version information cache is up-to-date. Trying to read.
2024-09-09 20:49:02,105 [Worker-5: Loading available Gradle versions] INFO  o.e.b.c.i.u.g.PublishedGradleVersions - Gradle version information cache is up-to-date. Trying to read.
2024-09-09 21:03:46,195 [Worker-2: Loading available Gradle versions] INFO  o.e.b.c.i.u.g.PublishedGradleVersions - Gradle version information cache is up-to-date. Trying to read.
2024-09-10 09:05:53,826 [Worker-1: Loading available Gradle versions] INFO  o.e.b.c.i.u.g.PublishedGradleVersions - Gradle version information cache is out-of-date. Trying to update.
2024-09-11 08:25:40,660 [Worker-5: Loading available Gradle versions] INFO  o.e.b.c.i.u.g.PublishedGradleVersions - Gradle version information cache is up-to-date. Trying to read.
2024-09-11 15:52:28,501 [Worker-5: Loading available Gradle versions] INFO  o.e.b.c.i.u.g.PublishedGradleVersions - Gradle version information cache is out-of-date. Trying to update.
2024-09-11 16:18:15,297 [Worker-5: Loading available Gradle versions] INFO  o.e.b.c.i.u.g.PublishedGradleVersions - Gradle version information cache is up-to-date. Trying to read.
2024-09-12 16:51:07,918 [Worker-4: Loading available Gradle versions] INFO  o.e.b.c.i.u.g.PublishedGradleVersions - Gradle version information cache is out-of-date. Trying to update.
2024-09-12 19:37:54,588 [Worker-4: Loading available Gradle versions] INFO  o.e.b.c.i.u.g.PublishedGradleVersions - Gradle version information cache is up-to-date. Trying to read.
2024-09-12 20:58:23,044 [Worker-3: Loading available Gradle versions] INFO  o.e.b.c.i.u.g.PublishedGradleVersions - Gradle version information cache is up-to-date. Trying to read.
2024-09-13 08:46:50,976 [Worker-0: Loading available Gradle versions] INFO  o.e.b.c.i.u.g.PublishedGradleVersions - Gradle version information cache is up-to-date. Trying to read.
2024-09-14 09:31:59,762 [Worker-3: Loading available Gradle versions] INFO  o.e.b.c.i.u.g.PublishedGradleVersions - Gradle version information cache is out-of-date. Trying to update.
